9:13 PM | COMMAND | Paroks has sent: !badges <@289141994867916802>
9:13 PM | UPDATE | Update has no news.
9:13 PM | COMMAND | Paroks has sent: !dragonguardian <@289141994867916802>
9:13 PM | COMMAND | Paroks has sent: !dragonguardian <@289141994867916802>
9:13 PM | COMMAND | Paroks has sent: !dragonguardian <@289141994867916802>
9:13 PM | COMMAND | Paroks has sent: !dragonguardian <@289141994867916802>
9:13 PM | COMMAND | Paroks has sent: !dragonguardian <@289141994867916802>
9:13 PM | COMMAND | Paroks has sent: !dragonguardian <@289141994867916802>
9:13 PM | UPDATE | Update has no news.
9:14 PM | COMMAND | Paroks has sent: !dragonguardian <@289141994867916802>
9:14 PM | COMMAND | Paroks has sent: !dragonguardian <@289141994867916802>
9:14 PM | COMMAND | Paroks has sent: !help
9:14 PM | UPDATE | Update has no news.
9:14 PM | COMMAND | Paroks has sent: !showitem Backpack
9:14 PM | UPDATE | Update has no news.
9:15 PM | UPDATE | Update has no news.
9:15 PM | COMMAND | BlindArcher has sent: !showitem traveller's backpack
9:15 PM | COMMAND | Paroks has sent: !showitem Darkestnight
9:16 PM | UPDATE | Update has no news.
9:16 PM | COMMAND | Paroks has sent: !updateplayer <@289141994867916802>
9:16 PM | COMMAND | Paroks has sent: !getpalyer <@289141994867916802>
9:16 PM | UPDATE | Update has no news.
9:16 PM | COMMAND | say talk-with-bots going offline
9:16 PM | COMMAND | exit
9:16 PM | MSG | Bot is closing ...
9:16 PM | MSG | Bot is closed.
9:17 PM | MSG | Starting ...
9:17 PM | MSG | Loading info ...
9:17 PM | MSG | Connecting ...
9:17 PM | MSG | Connected, setting up ...
9:17 PM | MSG | Setup finished.
9:17 PM | MSG | Bot is ready.
9:18 PM | COMMAND | say talk-with-bots we back
9:18 PM | COMMAND | Paroks has sent: !setplayer <@289141994867916802>  Paroks
9:18 PM | COMMAND | BlindArcher has sent: !setplayer <@289141994867916802> Paroks
9:18 PM | COMMAND | Paroks has sent: !help
9:19 PM | COMMAND | BlindArcher has sent: !updateplayer <@!153270093885865984>
9:19 PM | COMMAND | Paroks has sent: !desingnotes
9:19 PM | COMMAND | Paroks has sent: !designnotes
9:20 PM | COMMAND | exit
9:20 PM | MSG | Bot is closing ...
9:20 PM | MSG | Bot is closed.
9:20 PM | MSG | Starting ...
9:20 PM | MSG | Loading info ...
9:20 PM | MSG | Connecting ...
9:20 PM | MSG | Connected, setting up ...
9:20 PM | MSG | Setup finished.
9:20 PM | MSG | Bot is ready.
9:20 PM | COMMAND | BlindArcher has sent: !itemstats Plucked Feathers
9:20 PM | COMMAND | Paroks has sent: !showitem Plucked Feathers
9:22 PM | COMMAND | log
9:22 PM | EVENT | BlindArcher's message was filtered.
9:22 PM | EVENT | Paroks's message was filtered.
9:23 PM | COMMAND | Paroks has sent: !showitem Plucked Feathers
9:24 PM | COMMAND | BlindArcher has sent: !showitem wicked stoic
9:24 PM | COMMAND | BlindArcher has sent: !showitem wicked stoic sword
9:24 PM | COMMAND | Paroks has sent: !show item Plucked Feathers
9:24 PM | COMMAND | Paroks has sent: !showitem Plucked Feathers
9:25 PM | UPDATE | Update has no news.
9:25 PM | COMMAND | Paroks has sent: !showitem Wicked Joke
9:26 PM | COMMAND | Paroks has sent: !showitem wicked joke
9:26 PM | COMMAND | Paroks has sent: !showitem wicked Joke
9:27 PM | COMMAND | Paroks has sent: !showitem WiCkEd JoKe
9:27 PM | COMMAND | Paroks has sent: !showitem wickedjoke
9:28 PM | COMMAND | BlindArcher has sent: !showitem artix
9:28 PM | COMMAND | Paroks has sent: !showitem Senna
9:29 PM | COMMAND | Paroks has sent: !showitem New Releases
9:30 PM | COMMAND | Paroks has sent: !showitem wiki IRC channel
9:30 PM | UPDATE | Update has no news.
9:31 PM | COMMAND | Paroks has sent: !showitems everything
9:31 PM | COMMAND | Paroks has sent: !showitem everything
9:32 PM | COMMAND | Paroks has sent: !itemstat New Realese
9:32 PM | COMMAND | Paroks has sent: !itemstats New Realese
9:33 PM | COMMAND | Paroks has sent: !itemstats New Releases
9:33 PM | COMMAND | Paroks has sent: !itemstats Senna
9:33 PM | COMMAND | Paroks has sent: !characterstats Paroks
9:34 PM | COMMAND | BlindArcher has sent: !itemstats artix
9:34 PM | COMMAND | Paroks has sent: !itemstats paroks
9:35 PM | COMMAND | BlindArcher has sent: !itemstats cysero
9:35 PM | COMMAND | Paroks has sent: !itemstats dage the evil
9:35 PM | COMMAND | Paroks has sent: !itemstats Gaz
9:35 PM | UPDATE | Update has no news.
9:37 PM | COMMAND | Paroks has sent: !setplayer <@289851131889188864> Paroks
9:37 PM | COMMAND | Paroks has sent: !help
9:38 PM | COMMAND | Paroks has sent: !getplayer <@289851131889188864>
9:39 PM | COMMAND | Paroks has sent: !rules !help
9:39 PM | COMMAND | Paroks has sent: !help !itemstats artix
9:39 PM | COMMAND | Paroks has sent: !crash
9:40 PM | COMMAND | Paroks has sent: !broke
9:40 PM | UPDATE | Update has no news.
9:41 PM | COMMAND | Paroks has sent: !badges <@289851131889188864>
9:41 PM | COMMAND | Paroks has sent: !dragonguardian <@289851131889188864>
9:42 PM | COMMAND | Paroks has sent: !badges Glados
9:42 PM | COMMAND | Ianmy has sent: !badges  <@290184860897771521>
9:42 PM | COMMAND | Paroks has sent: !badges <@289851131889188864>
9:43 PM | COMMAND | BlindArcher has sent: !badges <@290184860897771521>
9:44 PM | COMMAND | Paroks has sent: !badges <@289141994867916802>
9:44 PM | COMMAND | Paroks has sent: !badges <@153270093885865984>
9:45 PM | UPDATE | Update has no news.
9:50 PM | UPDATE | Update has no news.
9:55 PM | UPDATE | Update has no news.
10:00 PM | UPDATE | Update has no news.
10:05 PM | UPDATE | Update has no news.
10:10 PM | UPDATE | Update has no news.
10:15 PM | UPDATE | Update has no news.
10:20 PM | UPDATE | Update has no news.
10:25 PM | UPDATE | Update has no news.
10:48 PM | COMMAND | exit
10:48 PM | MSG | Bot is closing ...
10:48 PM | MSG | Bot is closed.
